21:08:15 **** Clean-only build of configuration Intel(R) SGX Simulation Debug for project SGX_SQLite ****
make SGX_DEBUG=1 SGX_MODE=SIM -f sgx/Makefile clean 
make -C ./sgx/enclave_sqlite  -f sgx_t_u.mk clean;
make[1]: Entering directory '/home/sgx/M-AI-CryptographicProtocols/eclipse-workspace/SGX_SQLite/sgx/enclave_sqlite'
rm -f .config_* app enclave.so enclave.signed.so App/App.o App/ocalls.o App/Enclave_u.* Enclave/Enclave.o Enclave/sqlite3.o Enclave/ocall_interface.o Enclave/Enclave_t.* Enclave/sqlite3.i Enclave/ocall_interface.i
make[1]: Leaving directory '/home/sgx/M-AI-CryptographicProtocols/eclipse-workspace/SGX_SQLite/sgx/enclave_sqlite'
21:08:17 **** Build of configuration Intel(R) SGX Simulation Debug for project SGX_SQLite ****
make SGX_DEBUG=1 SGX_MODE=SIM -f sgx/Makefile 
make -C ./sgx/enclave_sqlite  -f sgx_t_u.mk all;
make[1]: Entering directory '/home/sgx/M-AI-CryptographicProtocols/eclipse-workspace/SGX_SQLite/sgx/enclave_sqlite'
rm -f .config_* app enclave.so enclave.signed.so App/App.o App/ocalls.o App/Enclave_u.* Enclave/Enclave.o Enclave/sqlite3.o Enclave/ocall_interface.o Enclave/Enclave_t.*
cd App && /opt/intel/sgxsdk/bin/x64/sgx_edger8r --untrusted ../Enclave/Enclave.edl --search-path ../Enclave --search-path /opt/intel/sgxsdk/include
GEN  =>  App/Enclave_u.c
cc -m64 -O0 -g  -fPIC -Wno-attributes -IApp -I/opt/intel/sgxsdk/include -DDEBUG -UNDEBUG -UEDEBUG -DSGX_UNTRUSTED -c App/Enclave_u.c -o App/Enclave_u.o
CC   <=  App/Enclave_u.c
cc -m64 -O0 -g  -fPIC -Wno-attributes -IApp -I/opt/intel/sgxsdk/include -DDEBUG -UNDEBUG -UEDEBUG -c App/ocalls.c -o App/ocalls.o
CC   <=  App/ocalls.c
g++ -m64 -O0 -g  -fPIC -Wno-attributes -IApp -I/opt/intel/sgxsdk/include -DDEBUG -UNDEBUG -UEDEBUG -std=c++11 -c App/App.cpp -o App/App.o
CXX  <=  App/App.cpp
g++ App/Enclave_u.o App/ocalls.o App/App.o -o app -m64 -O0 -g  -L/opt/intel/sgxsdk/lib64 -lsgx_urts_sim -lpthread -lsgx_uae_service_sim
LINK =>  app
cd Enclave && /opt/intel/sgxsdk/bin/x64/sgx_edger8r --trusted ../Enclave/Enclave.edl --search-path ../Enclave --search-path /opt/intel/sgxsdk/include
GEN  =>  Enclave/Enclave_t.c
cc -m64 -O0 -g  -nostdinc -fvisibility=hidden -fpie -ffunction-sections -fdata-sections -fstack-protector-strong -IEnclave -I/opt/intel/sgxsdk/include -I/opt/intel/sgxsdk/include/tlibc -I/opt/intel/sgxsdk/include/libcxx -c Enclave/Enclave_t.c -o Enclave/Enclave_t.o
CC   <=  Enclave/Enclave_t.c
g++ -m64 -O0 -g  -nostdinc -fvisibility=hidden -fpie -ffunction-sections -fdata-sections -fstack-protector-strong -IEnclave -I/opt/intel/sgxsdk/include -I/opt/intel/sgxsdk/include/tlibc -I/opt/intel/sgxsdk/include/libcxx -std=c++11 -nostdinc++ -c Enclave/Enclave.cpp -o Enclave/Enclave.o
Enclave/Enclave.cpp: In function ‘void ecall_encrypt()’:
Enclave/Enclave.cpp:35:23: error: invalid conversion from ‘int’ to ‘uint8_t* {aka unsigned char*}’ [-fpermissive]
  uint8_t* plaintext = 42;
                       ^~
sgx_t_u.mk:214: recipe for target 'Enclave/Enclave.o' failed
make[1]: *** [Enclave/Enclave.o] Error 1
make[1]: Leaving directory '/home/sgx/M-AI-CryptographicProtocols/eclipse-workspace/SGX_SQLite/sgx/enclave_sqlite'
sgx/Makefile:9: recipe for target 'all' failed
make: *** [all] Error 2
"make SGX_DEBUG=1 SGX_MODE=SIM -f sgx/Makefile" terminated with exit code 2. Build might be incomplete.
21:08:51 **** Incremental Build of configuration Intel(R) SGX Simulation Debug for project SGX_SQLite ****
make SGX_DEBUG=1 SGX_MODE=SIM -f sgx/Makefile 
make -C ./sgx/enclave_sqlite  -f sgx_t_u.mk all;
make[1]: Entering directory '/home/sgx/M-AI-CryptographicProtocols/eclipse-workspace/SGX_SQLite/sgx/enclave_sqlite'
g++ -m64 -O0 -g  -nostdinc -fvisibility=hidden -fpie -ffunction-sections -fdata-sections -fstack-protector-strong -IEnclave -I/opt/intel/sgxsdk/include -I/opt/intel/sgxsdk/include/tlibc -I/opt/intel/sgxsdk/include/libcxx -std=c++11 -nostdinc++ -c Enclave/Enclave.cpp -o Enclave/Enclave.o
CXX  <=  Enclave/Enclave.cpp
cc -I/opt/intel/sgxsdk/include -DSQLITE_THREADSAFE=0 -E Enclave/sqlite3.c -o Enclave/sqlite3.i
CC-Preprocess  <=  Enclave/sqlite3.c
cc -m64 -O0 -g  -nostdinc -fvisibility=hidden -fpie -ffunction-sections -fdata-sections -fstack-protector-strong -IEnclave -I/opt/intel/sgxsdk/include -I/opt/intel/sgxsdk/include/tlibc -I/opt/intel/sgxsdk/include/libcxx -DSQLITE_THREADSAFE=0 -c Enclave/sqlite3.i -o Enclave/sqlite3.o
CC  <=  Enclave/sqlite3.i
cc -I/opt/intel/sgxsdk/include -E Enclave/ocall_interface.c -o Enclave/ocall_interface.i
CC-Preprocess  <=  Enclave/ocall_interface.c
cc -m64 -O0 -g  -nostdinc -fvisibility=hidden -fpie -ffunction-sections -fdata-sections -fstack-protector-strong -IEnclave -I/opt/intel/sgxsdk/include -I/opt/intel/sgxsdk/include/tlibc -I/opt/intel/sgxsdk/include/libcxx -c Enclave/ocall_interface.i -o Enclave/ocall_interface.o
CC  <=  Enclave/ocall_interface.i
g++ Enclave/Enclave_t.o Enclave/Enclave.o Enclave/sqlite3.o Enclave/ocall_interface.o -o enclave.so -m64 -O0 -g  -Wl,--no-undefined -nostdlib -nodefaultlibs -nostartfiles -L/opt/intel/sgxsdk/lib64 -Wl,--whole-archive -lsgx_trts_sim -Wl,--no-whole-archive -Wl,--start-group -lsgx_tstdc -lsgx_tcxx -lsgx_tcrypto -lsgx_tservice_sim -Wl,--end-group -Wl,-Bstatic -Wl,-Bsymbolic -Wl,--no-undefined -Wl,-pie,-eenclave_entry -Wl,--export-dynamic -Wl,--defsym,__ImageBase=0 -Wl,--gc-sections -Wl,--version-script=Enclave/Enclave.lds
LINK =>  enclave.so
/opt/intel/sgxsdk/bin/x64/sgx_sign sign -key Enclave/Enclave_private.pem -enclave enclave.so -out enclave.signed.so -config Enclave/Enclave.config.xml
tcs_num 10, tcs_max_num 10, tcs_min_pool 1
The required memory is 5013504B.
The required memory is 0x4c8000, 4896 KB.
Succeed.
<EnclaveConfiguration>
    <ProdID>0</ProdID>
    <ISVSVN>0</ISVSVN>
    <StackMaxSize>0x40000</StackMaxSize>
    <HeapMaxSize>0x100000</HeapMaxSize>
    <TCSNum>10</TCSNum>
    <TCSPolicy>1</TCSPolicy>
    <!-- Recommend changing 'DisableDebug' to 1 to make the enclave undebuggable for enclave release -->
    <DisableDebug>0</DisableDebug>
    <MiscSelect>0</MiscSelect>
    <MiscMask>0xFFFFFFFF</MiscMask>
</EnclaveConfiguration>
SIGN =>  enclave.signed.so
The project has been built in debug simulation mode.
make[1]: Leaving directory '/home/sgx/M-AI-CryptographicProtocols/eclipse-workspace/SGX_SQLite/sgx/enclave_sqlite'
21:09:03 **** Incremental Build of configuration Intel(R) SGX Simulation Debug for project SGX_SQLite ****
make SGX_DEBUG=1 SGX_MODE=SIM -f sgx/Makefile 
make -C ./sgx/enclave_sqlite  -f sgx_t_u.mk all;
make[1]: Entering directory '/home/sgx/M-AI-CryptographicProtocols/eclipse-workspace/SGX_SQLite/sgx/enclave_sqlite'
The project has been built in debug simulation mode.
make[1]: Leaving directory '/home/sgx/M-AI-CryptographicProtocols/eclipse-workspace/SGX_SQLite/sgx/enclave_sqlite'
21:09:56 **** Incremental Build of configuration Intel(R) SGX Simulation Debug for project SGX_SQLite ****
make SGX_DEBUG=1 SGX_MODE=SIM -f sgx/Makefile 
make -C ./sgx/enclave_sqlite  -f sgx_t_u.mk all;
make[1]: Entering directory '/home/sgx/M-AI-CryptographicProtocols/eclipse-workspace/SGX_SQLite/sgx/enclave_sqlite'
The project has been built in debug simulation mode.
make[1]: Leaving directory '/home/sgx/M-AI-CryptographicProtocols/eclipse-workspace/SGX_SQLite/sgx/enclave_sqlite'
21:10:11 **** Incremental Build of configuration Intel(R) SGX Simulation Debug for project SGX_SQLite ****
make SGX_DEBUG=1 SGX_MODE=SIM -f sgx/Makefile 
make -C ./sgx/enclave_sqlite  -f sgx_t_u.mk all;
make[1]: Entering directory '/home/sgx/M-AI-CryptographicProtocols/eclipse-workspace/SGX_SQLite/sgx/enclave_sqlite'
The project has been built in debug simulation mode.
make[1]: Leaving directory '/home/sgx/M-AI-CryptographicProtocols/eclipse-workspace/SGX_SQLite/sgx/enclave_sqlite'
21:17:13 **** Incremental Build of configuration Intel(R) SGX Simulation Debug for project SGX_SQLite ****
make SGX_DEBUG=1 SGX_MODE=SIM -f sgx/Makefile 
make -C ./sgx/enclave_sqlite  -f sgx_t_u.mk all;
make[1]: Entering directory '/home/sgx/M-AI-CryptographicProtocols/eclipse-workspace/SGX_SQLite/sgx/enclave_sqlite'
g++ -m64 -O0 -g  -nostdinc -fvisibility=hidden -fpie -ffunction-sections -fdata-sections -fstack-protector-strong -IEnclave -I/opt/intel/sgxsdk/include -I/opt/intel/sgxsdk/include/tlibc -I/opt/intel/sgxsdk/include/libcxx -std=c++11 -nostdinc++ -c Enclave/Enclave.cpp -o Enclave/Enclave.o
CXX  <=  Enclave/Enclave.cpp
g++ Enclave/Enclave_t.o Enclave/Enclave.o Enclave/sqlite3.o Enclave/ocall_interface.o -o enclave.so -m64 -O0 -g  -Wl,--no-undefined -nostdlib -nodefaultlibs -nostartfiles -L/opt/intel/sgxsdk/lib64 -Wl,--whole-archive -lsgx_trts_sim -Wl,--no-whole-archive -Wl,--start-group -lsgx_tstdc -lsgx_tcxx -lsgx_tcrypto -lsgx_tservice_sim -Wl,--end-group -Wl,-Bstatic -Wl,-Bsymbolic -Wl,--no-undefined -Wl,-pie,-eenclave_entry -Wl,--export-dynamic -Wl,--defsym,__ImageBase=0 -Wl,--gc-sections -Wl,--version-script=Enclave/Enclave.lds
LINK =>  enclave.so
/opt/intel/sgxsdk/bin/x64/sgx_sign sign -key Enclave/Enclave_private.pem -enclave enclave.so -out enclave.signed.so -config Enclave/Enclave.config.xml
tcs_num 10, tcs_max_num 10, tcs_min_pool 1
The required memory is 5013504B.
The required memory is 0x4c8000, 4896 KB.
Succeed.
<EnclaveConfiguration>
    <ProdID>0</ProdID>
    <ISVSVN>0</ISVSVN>
    <StackMaxSize>0x40000</StackMaxSize>
    <HeapMaxSize>0x100000</HeapMaxSize>
    <TCSNum>10</TCSNum>
    <TCSPolicy>1</TCSPolicy>
    <!-- Recommend changing 'DisableDebug' to 1 to make the enclave undebuggable for enclave release -->
    <DisableDebug>0</DisableDebug>
    <MiscSelect>0</MiscSelect>
    <MiscMask>0xFFFFFFFF</MiscMask>
</EnclaveConfiguration>
SIGN =>  enclave.signed.so
The project has been built in debug simulation mode.
make[1]: Leaving directory '/home/sgx/M-AI-CryptographicProtocols/eclipse-workspace/SGX_SQLite/sgx/enclave_sqlite'
21:17:50 **** Incremental Build of configuration Intel(R) SGX Simulation Debug for project SGX_SQLite ****
make SGX_DEBUG=1 SGX_MODE=SIM -f sgx/Makefile 
make -C ./sgx/enclave_sqlite  -f sgx_t_u.mk all;
make[1]: Entering directory '/home/sgx/M-AI-CryptographicProtocols/eclipse-workspace/SGX_SQLite/sgx/enclave_sqlite'
g++ -m64 -O0 -g  -nostdinc -fvisibility=hidden -fpie -ffunction-sections -fdata-sections -fstack-protector-strong -IEnclave -I/opt/intel/sgxsdk/include -I/opt/intel/sgxsdk/include/tlibc -I/opt/intel/sgxsdk/include/libcxx -std=c++11 -nostdinc++ -c Enclave/Enclave.cpp -o Enclave/Enclave.o
Enclave/Enclave.cpp: In function ‘void ecall_encrypt()’:
Enclave/Enclave.cpp:42:32: error: invalid operands of types ‘const char [8]’ and ‘char*’ to binary ‘operator+’
  ocall_println_string("Sealed:"+(char*)sealed);
                       ~~~~~~~~~^~~~~~~~~~~~~~
sgx_t_u.mk:214: recipe for target 'Enclave/Enclave.o' failed
make[1]: *** [Enclave/Enclave.o] Error 1
make[1]: Leaving directory '/home/sgx/M-AI-CryptographicProtocols/eclipse-workspace/SGX_SQLite/sgx/enclave_sqlite'
sgx/Makefile:9: recipe for target 'all' failed
make: *** [all] Error 2
"make SGX_DEBUG=1 SGX_MODE=SIM -f sgx/Makefile" terminated with exit code 2. Build might be incomplete.
21:18:17 **** Incremental Build of configuration Intel(R) SGX Simulation Debug for project SGX_SQLite ****
make SGX_DEBUG=1 SGX_MODE=SIM -f sgx/Makefile 
make -C ./sgx/enclave_sqlite  -f sgx_t_u.mk all;
make[1]: Entering directory '/home/sgx/M-AI-CryptographicProtocols/eclipse-workspace/SGX_SQLite/sgx/enclave_sqlite'
g++ -m64 -O0 -g  -nostdinc -fvisibility=hidden -fpie -ffunction-sections -fdata-sections -fstack-protector-strong -IEnclave -I/opt/intel/sgxsdk/include -I/opt/intel/sgxsdk/include/tlibc -I/opt/intel/sgxsdk/include/libcxx -std=c++11 -nostdinc++ -c Enclave/Enclave.cpp -o Enclave/Enclave.o
CXX  <=  Enclave/Enclave.cpp
g++ Enclave/Enclave_t.o Enclave/Enclave.o Enclave/sqlite3.o Enclave/ocall_interface.o -o enclave.so -m64 -O0 -g  -Wl,--no-undefined -nostdlib -nodefaultlibs -nostartfiles -L/opt/intel/sgxsdk/lib64 -Wl,--whole-archive -lsgx_trts_sim -Wl,--no-whole-archive -Wl,--start-group -lsgx_tstdc -lsgx_tcxx -lsgx_tcrypto -lsgx_tservice_sim -Wl,--end-group -Wl,-Bstatic -Wl,-Bsymbolic -Wl,--no-undefined -Wl,-pie,-eenclave_entry -Wl,--export-dynamic -Wl,--defsym,__ImageBase=0 -Wl,--gc-sections -Wl,--version-script=Enclave/Enclave.lds
LINK =>  enclave.so
/opt/intel/sgxsdk/bin/x64/sgx_sign sign -key Enclave/Enclave_private.pem -enclave enclave.so -out enclave.signed.so -config Enclave/Enclave.config.xml
tcs_num 10, tcs_max_num 10, tcs_min_pool 1
The required memory is 5013504B.
The required memory is 0x4c8000, 4896 KB.
Succeed.
<EnclaveConfiguration>
    <ProdID>0</ProdID>
    <ISVSVN>0</ISVSVN>
    <StackMaxSize>0x40000</StackMaxSize>
    <HeapMaxSize>0x100000</HeapMaxSize>
    <TCSNum>10</TCSNum>
    <TCSPolicy>1</TCSPolicy>
    <!-- Recommend changing 'DisableDebug' to 1 to make the enclave undebuggable for enclave release -->
    <DisableDebug>0</DisableDebug>
    <MiscSelect>0</MiscSelect>
    <MiscMask>0xFFFFFFFF</MiscMask>
</EnclaveConfiguration>
SIGN =>  enclave.signed.so
The project has been built in debug simulation mode.
make[1]: Leaving directory '/home/sgx/M-AI-CryptographicProtocols/eclipse-workspace/SGX_SQLite/sgx/enclave_sqlite'
21:18:48 **** Incremental Build of configuration Intel(R) SGX Simulation Debug for project SGX_SQLite ****
make SGX_DEBUG=1 SGX_MODE=SIM -f sgx/Makefile 
make -C ./sgx/enclave_sqlite  -f sgx_t_u.mk all;
make[1]: Entering directory '/home/sgx/M-AI-CryptographicProtocols/eclipse-workspace/SGX_SQLite/sgx/enclave_sqlite'
g++ -m64 -O0 -g  -nostdinc -fvisibility=hidden -fpie -ffunction-sections -fdata-sections -fstack-protector-strong -IEnclave -I/opt/intel/sgxsdk/include -I/opt/intel/sgxsdk/include/tlibc -I/opt/intel/sgxsdk/include/libcxx -std=c++11 -nostdinc++ -c Enclave/Enclave.cpp -o Enclave/Enclave.o
CXX  <=  Enclave/Enclave.cpp
g++ Enclave/Enclave_t.o Enclave/Enclave.o Enclave/sqlite3.o Enclave/ocall_interface.o -o enclave.so -m64 -O0 -g  -Wl,--no-undefined -nostdlib -nodefaultlibs -nostartfiles -L/opt/intel/sgxsdk/lib64 -Wl,--whole-archive -lsgx_trts_sim -Wl,--no-whole-archive -Wl,--start-group -lsgx_tstdc -lsgx_tcxx -lsgx_tcrypto -lsgx_tservice_sim -Wl,--end-group -Wl,-Bstatic -Wl,-Bsymbolic -Wl,--no-undefined -Wl,-pie,-eenclave_entry -Wl,--export-dynamic -Wl,--defsym,__ImageBase=0 -Wl,--gc-sections -Wl,--version-script=Enclave/Enclave.lds
LINK =>  enclave.so
/opt/intel/sgxsdk/bin/x64/sgx_sign sign -key Enclave/Enclave_private.pem -enclave enclave.so -out enclave.signed.so -config Enclave/Enclave.config.xml
tcs_num 10, tcs_max_num 10, tcs_min_pool 1
The required memory is 5013504B.
The required memory is 0x4c8000, 4896 KB.
Succeed.
<EnclaveConfiguration>
    <ProdID>0</ProdID>
    <ISVSVN>0</ISVSVN>
    <StackMaxSize>0x40000</StackMaxSize>
    <HeapMaxSize>0x100000</HeapMaxSize>
    <TCSNum>10</TCSNum>
    <TCSPolicy>1</TCSPolicy>
    <!-- Recommend changing 'DisableDebug' to 1 to make the enclave undebuggable for enclave release -->
    <DisableDebug>0</DisableDebug>
    <MiscSelect>0</MiscSelect>
    <MiscMask>0xFFFFFFFF</MiscMask>
</EnclaveConfiguration>
SIGN =>  enclave.signed.so
The project has been built in debug simulation mode.
make[1]: Leaving directory '/home/sgx/M-AI-CryptographicProtocols/eclipse-workspace/SGX_SQLite/sgx/enclave_sqlite'
21:19:03 **** Incremental Build of configuration Intel(R) SGX Simulation Debug for project SGX_SQLite ****
make SGX_DEBUG=1 SGX_MODE=SIM -f sgx/Makefile 
make -C ./sgx/enclave_sqlite  -f sgx_t_u.mk all;
make[1]: Entering directory '/home/sgx/M-AI-CryptographicProtocols/eclipse-workspace/SGX_SQLite/sgx/enclave_sqlite'
g++ -m64 -O0 -g  -nostdinc -fvisibility=hidden -fpie -ffunction-sections -fdata-sections -fstack-protector-strong -IEnclave -I/opt/intel/sgxsdk/include -I/opt/intel/sgxsdk/include/tlibc -I/opt/intel/sgxsdk/include/libcxx -std=c++11 -nostdinc++ -c Enclave/Enclave.cpp -o Enclave/Enclave.o
CXX  <=  Enclave/Enclave.cpp
g++ Enclave/Enclave_t.o Enclave/Enclave.o Enclave/sqlite3.o Enclave/ocall_interface.o -o enclave.so -m64 -O0 -g  -Wl,--no-undefined -nostdlib -nodefaultlibs -nostartfiles -L/opt/intel/sgxsdk/lib64 -Wl,--whole-archive -lsgx_trts_sim -Wl,--no-whole-archive -Wl,--start-group -lsgx_tstdc -lsgx_tcxx -lsgx_tcrypto -lsgx_tservice_sim -Wl,--end-group -Wl,-Bstatic -Wl,-Bsymbolic -Wl,--no-undefined -Wl,-pie,-eenclave_entry -Wl,--export-dynamic -Wl,--defsym,__ImageBase=0 -Wl,--gc-sections -Wl,--version-script=Enclave/Enclave.lds
LINK =>  enclave.so
/opt/intel/sgxsdk/bin/x64/sgx_sign sign -key Enclave/Enclave_private.pem -enclave enclave.so -out enclave.signed.so -config Enclave/Enclave.config.xml
tcs_num 10, tcs_max_num 10, tcs_min_pool 1
The required memory is 5013504B.
The required memory is 0x4c8000, 4896 KB.
Succeed.
<EnclaveConfiguration>
    <ProdID>0</ProdID>
    <ISVSVN>0</ISVSVN>
    <StackMaxSize>0x40000</StackMaxSize>
    <HeapMaxSize>0x100000</HeapMaxSize>
    <TCSNum>10</TCSNum>
    <TCSPolicy>1</TCSPolicy>
    <!-- Recommend changing 'DisableDebug' to 1 to make the enclave undebuggable for enclave release -->
    <DisableDebug>0</DisableDebug>
    <MiscSelect>0</MiscSelect>
    <MiscMask>0xFFFFFFFF</MiscMask>
</EnclaveConfiguration>
SIGN =>  enclave.signed.so
The project has been built in debug simulation mode.
make[1]: Leaving directory '/home/sgx/M-AI-CryptographicProtocols/eclipse-workspace/SGX_SQLite/sgx/enclave_sqlite'
21:21:49 **** Incremental Build of configuration Intel(R) SGX Simulation Debug for project SGX_SQLite ****
make SGX_DEBUG=1 SGX_MODE=SIM -f sgx/Makefile 
make -C ./sgx/enclave_sqlite  -f sgx_t_u.mk all;
make[1]: Entering directory '/home/sgx/M-AI-CryptographicProtocols/eclipse-workspace/SGX_SQLite/sgx/enclave_sqlite'
g++ -m64 -O0 -g  -nostdinc -fvisibility=hidden -fpie -ffunction-sections -fdata-sections -fstack-protector-strong -IEnclave -I/opt/intel/sgxsdk/include -I/opt/intel/sgxsdk/include/tlibc -I/opt/intel/sgxsdk/include/libcxx -std=c++11 -nostdinc++ -c Enclave/Enclave.cpp -o Enclave/Enclave.o
CXX  <=  Enclave/Enclave.cpp
g++ Enclave/Enclave_t.o Enclave/Enclave.o Enclave/sqlite3.o Enclave/ocall_interface.o -o enclave.so -m64 -O0 -g  -Wl,--no-undefined -nostdlib -nodefaultlibs -nostartfiles -L/opt/intel/sgxsdk/lib64 -Wl,--whole-archive -lsgx_trts_sim -Wl,--no-whole-archive -Wl,--start-group -lsgx_tstdc -lsgx_tcxx -lsgx_tcrypto -lsgx_tservice_sim -Wl,--end-group -Wl,-Bstatic -Wl,-Bsymbolic -Wl,--no-undefined -Wl,-pie,-eenclave_entry -Wl,--export-dynamic -Wl,--defsym,__ImageBase=0 -Wl,--gc-sections -Wl,--version-script=Enclave/Enclave.lds
LINK =>  enclave.so
/opt/intel/sgxsdk/bin/x64/sgx_sign sign -key Enclave/Enclave_private.pem -enclave enclave.so -out enclave.signed.so -config Enclave/Enclave.config.xml
tcs_num 10, tcs_max_num 10, tcs_min_pool 1
The required memory is 5013504B.
The required memory is 0x4c8000, 4896 KB.
Succeed.
<EnclaveConfiguration>
    <ProdID>0</ProdID>
    <ISVSVN>0</ISVSVN>
    <StackMaxSize>0x40000</StackMaxSize>
    <HeapMaxSize>0x100000</HeapMaxSize>
    <TCSNum>10</TCSNum>
    <TCSPolicy>1</TCSPolicy>
    <!-- Recommend changing 'DisableDebug' to 1 to make the enclave undebuggable for enclave release -->
    <DisableDebug>0</DisableDebug>
    <MiscSelect>0</MiscSelect>
    <MiscMask>0xFFFFFFFF</MiscMask>
</EnclaveConfiguration>
SIGN =>  enclave.signed.so
The project has been built in debug simulation mode.
make[1]: Leaving directory '/home/sgx/M-AI-CryptographicProtocols/eclipse-workspace/SGX_SQLite/sgx/enclave_sqlite'
21:22:01 **** Incremental Build of configuration Intel(R) SGX Simulation Debug for project SGX_SQLite ****
make SGX_DEBUG=1 SGX_MODE=SIM -f sgx/Makefile 
make -C ./sgx/enclave_sqlite  -f sgx_t_u.mk all;
make[1]: Entering directory '/home/sgx/M-AI-CryptographicProtocols/eclipse-workspace/SGX_SQLite/sgx/enclave_sqlite'
g++ -m64 -O0 -g  -nostdinc -fvisibility=hidden -fpie -ffunction-sections -fdata-sections -fstack-protector-strong -IEnclave -I/opt/intel/sgxsdk/include -I/opt/intel/sgxsdk/include/tlibc -I/opt/intel/sgxsdk/include/libcxx -std=c++11 -nostdinc++ -c Enclave/Enclave.cpp -o Enclave/Enclave.o
CXX  <=  Enclave/Enclave.cpp
g++ Enclave/Enclave_t.o Enclave/Enclave.o Enclave/sqlite3.o Enclave/ocall_interface.o -o enclave.so -m64 -O0 -g  -Wl,--no-undefined -nostdlib -nodefaultlibs -nostartfiles -L/opt/intel/sgxsdk/lib64 -Wl,--whole-archive -lsgx_trts_sim -Wl,--no-whole-archive -Wl,--start-group -lsgx_tstdc -lsgx_tcxx -lsgx_tcrypto -lsgx_tservice_sim -Wl,--end-group -Wl,-Bstatic -Wl,-Bsymbolic -Wl,--no-undefined -Wl,-pie,-eenclave_entry -Wl,--export-dynamic -Wl,--defsym,__ImageBase=0 -Wl,--gc-sections -Wl,--version-script=Enclave/Enclave.lds
LINK =>  enclave.so
/opt/intel/sgxsdk/bin/x64/sgx_sign sign -key Enclave/Enclave_private.pem -enclave enclave.so -out enclave.signed.so -config Enclave/Enclave.config.xml
tcs_num 10, tcs_max_num 10, tcs_min_pool 1
The required memory is 5013504B.
The required memory is 0x4c8000, 4896 KB.
Succeed.
<EnclaveConfiguration>
    <ProdID>0</ProdID>
    <ISVSVN>0</ISVSVN>
    <StackMaxSize>0x40000</StackMaxSize>
    <HeapMaxSize>0x100000</HeapMaxSize>
    <TCSNum>10</TCSNum>
    <TCSPolicy>1</TCSPolicy>
    <!-- Recommend changing 'DisableDebug' to 1 to make the enclave undebuggable for enclave release -->
    <DisableDebug>0</DisableDebug>
    <MiscSelect>0</MiscSelect>
    <MiscMask>0xFFFFFFFF</MiscMask>
</EnclaveConfiguration>
SIGN =>  enclave.signed.so
The project has been built in debug simulation mode.
make[1]: Leaving directory '/home/sgx/M-AI-CryptographicProtocols/eclipse-workspace/SGX_SQLite/sgx/enclave_sqlite'
21:22:06 **** Incremental Build of configuration Intel(R) SGX Simulation Debug for project SGX_SQLite ****
make SGX_DEBUG=1 SGX_MODE=SIM -f sgx/Makefile 
make -C ./sgx/enclave_sqlite  -f sgx_t_u.mk all;
make[1]: Entering directory '/home/sgx/M-AI-CryptographicProtocols/eclipse-workspace/SGX_SQLite/sgx/enclave_sqlite'
g++ -m64 -O0 -g  -nostdinc -fvisibility=hidden -fpie -ffunction-sections -fdata-sections -fstack-protector-strong -IEnclave -I/opt/intel/sgxsdk/include -I/opt/intel/sgxsdk/include/tlibc -I/opt/intel/sgxsdk/include/libcxx -std=c++11 -nostdinc++ -c Enclave/Enclave.cpp -o Enclave/Enclave.o
CXX  <=  Enclave/Enclave.cpp
g++ Enclave/Enclave_t.o Enclave/Enclave.o Enclave/sqlite3.o Enclave/ocall_interface.o -o enclave.so -m64 -O0 -g  -Wl,--no-undefined -nostdlib -nodefaultlibs -nostartfiles -L/opt/intel/sgxsdk/lib64 -Wl,--whole-archive -lsgx_trts_sim -Wl,--no-whole-archive -Wl,--start-group -lsgx_tstdc -lsgx_tcxx -lsgx_tcrypto -lsgx_tservice_sim -Wl,--end-group -Wl,-Bstatic -Wl,-Bsymbolic -Wl,--no-undefined -Wl,-pie,-eenclave_entry -Wl,--export-dynamic -Wl,--defsym,__ImageBase=0 -Wl,--gc-sections -Wl,--version-script=Enclave/Enclave.lds
LINK =>  enclave.so
/opt/intel/sgxsdk/bin/x64/sgx_sign sign -key Enclave/Enclave_private.pem -enclave enclave.so -out enclave.signed.so -config Enclave/Enclave.config.xml
tcs_num 10, tcs_max_num 10, tcs_min_pool 1
The required memory is 5013504B.
The required memory is 0x4c8000, 4896 KB.
Succeed.
<EnclaveConfiguration>
    <ProdID>0</ProdID>
    <ISVSVN>0</ISVSVN>
    <StackMaxSize>0x40000</StackMaxSize>
    <HeapMaxSize>0x100000</HeapMaxSize>
    <TCSNum>10</TCSNum>
    <TCSPolicy>1</TCSPolicy>
    <!-- Recommend changing 'DisableDebug' to 1 to make the enclave undebuggable for enclave release -->
    <DisableDebug>0</DisableDebug>
    <MiscSelect>0</MiscSelect>
    <MiscMask>0xFFFFFFFF</MiscMask>
</EnclaveConfiguration>
SIGN =>  enclave.signed.so
The project has been built in debug simulation mode.
make[1]: Leaving directory '/home/sgx/M-AI-CryptographicProtocols/eclipse-workspace/SGX_SQLite/sgx/enclave_sqlite'
21:22:32 **** Incremental Build of configuration Intel(R) SGX Simulation Debug for project SGX_SQLite ****
make SGX_DEBUG=1 SGX_MODE=SIM -f sgx/Makefile 
make -C ./sgx/enclave_sqlite  -f sgx_t_u.mk all;
make[1]: Entering directory '/home/sgx/M-AI-CryptographicProtocols/eclipse-workspace/SGX_SQLite/sgx/enclave_sqlite'
g++ -m64 -O0 -g  -nostdinc -fvisibility=hidden -fpie -ffunction-sections -fdata-sections -fstack-protector-strong -IEnclave -I/opt/intel/sgxsdk/include -I/opt/intel/sgxsdk/include/tlibc -I/opt/intel/sgxsdk/include/libcxx -std=c++11 -nostdinc++ -c Enclave/Enclave.cpp -o Enclave/Enclave.o
CXX  <=  Enclave/Enclave.cpp
g++ Enclave/Enclave_t.o Enclave/Enclave.o Enclave/sqlite3.o Enclave/ocall_interface.o -o enclave.so -m64 -O0 -g  -Wl,--no-undefined -nostdlib -nodefaultlibs -nostartfiles -L/opt/intel/sgxsdk/lib64 -Wl,--whole-archive -lsgx_trts_sim -Wl,--no-whole-archive -Wl,--start-group -lsgx_tstdc -lsgx_tcxx -lsgx_tcrypto -lsgx_tservice_sim -Wl,--end-group -Wl,-Bstatic -Wl,-Bsymbolic -Wl,--no-undefined -Wl,-pie,-eenclave_entry -Wl,--export-dynamic -Wl,--defsym,__ImageBase=0 -Wl,--gc-sections -Wl,--version-script=Enclave/Enclave.lds
LINK =>  enclave.so
/opt/intel/sgxsdk/bin/x64/sgx_sign sign -key Enclave/Enclave_private.pem -enclave enclave.so -out enclave.signed.so -config Enclave/Enclave.config.xml
tcs_num 10, tcs_max_num 10, tcs_min_pool 1
The required memory is 5013504B.
The required memory is 0x4c8000, 4896 KB.
Succeed.
<EnclaveConfiguration>
    <ProdID>0</ProdID>
    <ISVSVN>0</ISVSVN>
    <StackMaxSize>0x40000</StackMaxSize>
    <HeapMaxSize>0x100000</HeapMaxSize>
    <TCSNum>10</TCSNum>
    <TCSPolicy>1</TCSPolicy>
    <!-- Recommend changing 'DisableDebug' to 1 to make the enclave undebuggable for enclave release -->
    <DisableDebug>0</DisableDebug>
    <MiscSelect>0</MiscSelect>
    <MiscMask>0xFFFFFFFF</MiscMask>
</EnclaveConfiguration>
SIGN =>  enclave.signed.so
The project has been built in debug simulation mode.
make[1]: Leaving directory '/home/sgx/M-AI-CryptographicProtocols/eclipse-workspace/SGX_SQLite/sgx/enclave_sqlite'
21:22:42 **** Incremental Build of configuration Intel(R) SGX Simulation Debug for project SGX_SQLite ****
make SGX_DEBUG=1 SGX_MODE=SIM -f sgx/Makefile 
make -C ./sgx/enclave_sqlite  -f sgx_t_u.mk all;
make[1]: Entering directory '/home/sgx/M-AI-CryptographicProtocols/eclipse-workspace/SGX_SQLite/sgx/enclave_sqlite'
The project has been built in debug simulation mode.
make[1]: Leaving directory '/home/sgx/M-AI-CryptographicProtocols/eclipse-workspace/SGX_SQLite/sgx/enclave_sqlite'
21:22:43 **** Incremental Build of configuration Intel(R) SGX Simulation Debug for project SGX_SQLite ****
make SGX_DEBUG=1 SGX_MODE=SIM -f sgx/Makefile 
make -C ./sgx/enclave_sqlite  -f sgx_t_u.mk all;
make[1]: Entering directory '/home/sgx/M-AI-CryptographicProtocols/eclipse-workspace/SGX_SQLite/sgx/enclave_sqlite'
The project has been built in debug simulation mode.
make[1]: Leaving directory '/home/sgx/M-AI-CryptographicProtocols/eclipse-workspace/SGX_SQLite/sgx/enclave_sqlite'
21:22:59 **** Incremental Build of configuration Intel(R) SGX Simulation Debug for project SGX_SQLite ****
make SGX_DEBUG=1 SGX_MODE=SIM -f sgx/Makefile 
make -C ./sgx/enclave_sqlite  -f sgx_t_u.mk all;
make[1]: Entering directory '/home/sgx/M-AI-CryptographicProtocols/eclipse-workspace/SGX_SQLite/sgx/enclave_sqlite'
g++ -m64 -O0 -g  -nostdinc -fvisibility=hidden -fpie -ffunction-sections -fdata-sections -fstack-protector-strong -IEnclave -I/opt/intel/sgxsdk/include -I/opt/intel/sgxsdk/include/tlibc -I/opt/intel/sgxsdk/include/libcxx -std=c++11 -nostdinc++ -c Enclave/Enclave.cpp -o Enclave/Enclave.o
CXX  <=  Enclave/Enclave.cpp
g++ Enclave/Enclave_t.o Enclave/Enclave.o Enclave/sqlite3.o Enclave/ocall_interface.o -o enclave.so -m64 -O0 -g  -Wl,--no-undefined -nostdlib -nodefaultlibs -nostartfiles -L/opt/intel/sgxsdk/lib64 -Wl,--whole-archive -lsgx_trts_sim -Wl,--no-whole-archive -Wl,--start-group -lsgx_tstdc -lsgx_tcxx -lsgx_tcrypto -lsgx_tservice_sim -Wl,--end-group -Wl,-Bstatic -Wl,-Bsymbolic -Wl,--no-undefined -Wl,-pie,-eenclave_entry -Wl,--export-dynamic -Wl,--defsym,__ImageBase=0 -Wl,--gc-sections -Wl,--version-script=Enclave/Enclave.lds
LINK =>  enclave.so
/opt/intel/sgxsdk/bin/x64/sgx_sign sign -key Enclave/Enclave_private.pem -enclave enclave.so -out enclave.signed.so -config Enclave/Enclave.config.xml
tcs_num 10, tcs_max_num 10, tcs_min_pool 1
The required memory is 5013504B.
The required memory is 0x4c8000, 4896 KB.
Succeed.
<EnclaveConfiguration>
    <ProdID>0</ProdID>
    <ISVSVN>0</ISVSVN>
    <StackMaxSize>0x40000</StackMaxSize>
    <HeapMaxSize>0x100000</HeapMaxSize>
    <TCSNum>10</TCSNum>
    <TCSPolicy>1</TCSPolicy>
    <!-- Recommend changing 'DisableDebug' to 1 to make the enclave undebuggable for enclave release -->
    <DisableDebug>0</DisableDebug>
    <MiscSelect>0</MiscSelect>
    <MiscMask>0xFFFFFFFF</MiscMask>
</EnclaveConfiguration>
SIGN =>  enclave.signed.so
The project has been built in debug simulation mode.
make[1]: Leaving directory '/home/sgx/M-AI-CryptographicProtocols/eclipse-workspace/SGX_SQLite/sgx/enclave_sqlite'
21:23:27 **** Incremental Build of configuration Intel(R) SGX Simulation Debug for project SGX_SQLite ****
make SGX_DEBUG=1 SGX_MODE=SIM -f sgx/Makefile 
make -C ./sgx/enclave_sqlite  -f sgx_t_u.mk all;
make[1]: Entering directory '/home/sgx/M-AI-CryptographicProtocols/eclipse-workspace/SGX_SQLite/sgx/enclave_sqlite'
g++ -m64 -O0 -g  -nostdinc -fvisibility=hidden -fpie -ffunction-sections -fdata-sections -fstack-protector-strong -IEnclave -I/opt/intel/sgxsdk/include -I/opt/intel/sgxsdk/include/tlibc -I/opt/intel/sgxsdk/include/libcxx -std=c++11 -nostdinc++ -c Enclave/Enclave.cpp -o Enclave/Enclave.o
CXX  <=  Enclave/Enclave.cpp
g++ Enclave/Enclave_t.o Enclave/Enclave.o Enclave/sqlite3.o Enclave/ocall_interface.o -o enclave.so -m64 -O0 -g  -Wl,--no-undefined -nostdlib -nodefaultlibs -nostartfiles -L/opt/intel/sgxsdk/lib64 -Wl,--whole-archive -lsgx_trts_sim -Wl,--no-whole-archive -Wl,--start-group -lsgx_tstdc -lsgx_tcxx -lsgx_tcrypto -lsgx_tservice_sim -Wl,--end-group -Wl,-Bstatic -Wl,-Bsymbolic -Wl,--no-undefined -Wl,-pie,-eenclave_entry -Wl,--export-dynamic -Wl,--defsym,__ImageBase=0 -Wl,--gc-sections -Wl,--version-script=Enclave/Enclave.lds
LINK =>  enclave.so
/opt/intel/sgxsdk/bin/x64/sgx_sign sign -key Enclave/Enclave_private.pem -enclave enclave.so -out enclave.signed.so -config Enclave/Enclave.config.xml
tcs_num 10, tcs_max_num 10, tcs_min_pool 1
The required memory is 5013504B.
The required memory is 0x4c8000, 4896 KB.
Succeed.
<EnclaveConfiguration>
    <ProdID>0</ProdID>
    <ISVSVN>0</ISVSVN>
    <StackMaxSize>0x40000</StackMaxSize>
    <HeapMaxSize>0x100000</HeapMaxSize>
    <TCSNum>10</TCSNum>
    <TCSPolicy>1</TCSPolicy>
    <!-- Recommend changing 'DisableDebug' to 1 to make the enclave undebuggable for enclave release -->
    <DisableDebug>0</DisableDebug>
    <MiscSelect>0</MiscSelect>
    <MiscMask>0xFFFFFFFF</MiscMask>
</EnclaveConfiguration>
SIGN =>  enclave.signed.so
The project has been built in debug simulation mode.
make[1]: Leaving directory '/home/sgx/M-AI-CryptographicProtocols/eclipse-workspace/SGX_SQLite/sgx/enclave_sqlite'
21:23:37 **** Incremental Build of configuration Intel(R) SGX Simulation Debug for project SGX_SQLite ****
make SGX_DEBUG=1 SGX_MODE=SIM -f sgx/Makefile 
make -C ./sgx/enclave_sqlite  -f sgx_t_u.mk all;
make[1]: Entering directory '/home/sgx/M-AI-CryptographicProtocols/eclipse-workspace/SGX_SQLite/sgx/enclave_sqlite'
g++ -m64 -O0 -g  -nostdinc -fvisibility=hidden -fpie -ffunction-sections -fdata-sections -fstack-protector-strong -IEnclave -I/opt/intel/sgxsdk/include -I/opt/intel/sgxsdk/include/tlibc -I/opt/intel/sgxsdk/include/libcxx -std=c++11 -nostdinc++ -c Enclave/Enclave.cpp -o Enclave/Enclave.o
CXX  <=  Enclave/Enclave.cpp
g++ Enclave/Enclave_t.o Enclave/Enclave.o Enclave/sqlite3.o Enclave/ocall_interface.o -o enclave.so -m64 -O0 -g  -Wl,--no-undefined -nostdlib -nodefaultlibs -nostartfiles -L/opt/intel/sgxsdk/lib64 -Wl,--whole-archive -lsgx_trts_sim -Wl,--no-whole-archive -Wl,--start-group -lsgx_tstdc -lsgx_tcxx -lsgx_tcrypto -lsgx_tservice_sim -Wl,--end-group -Wl,-Bstatic -Wl,-Bsymbolic -Wl,--no-undefined -Wl,-pie,-eenclave_entry -Wl,--export-dynamic -Wl,--defsym,__ImageBase=0 -Wl,--gc-sections -Wl,--version-script=Enclave/Enclave.lds
LINK =>  enclave.so
/opt/intel/sgxsdk/bin/x64/sgx_sign sign -key Enclave/Enclave_private.pem -enclave enclave.so -out enclave.signed.so -config Enclave/Enclave.config.xml
tcs_num 10, tcs_max_num 10, tcs_min_pool 1
The required memory is 5013504B.
The required memory is 0x4c8000, 4896 KB.
<EnclaveConfiguration>
    <ProdID>0</ProdID>
    <ISVSVN>0</ISVSVN>
    <StackMaxSize>0x40000</StackMaxSize>
    <HeapMaxSize>0x100000</HeapMaxSize>
    <TCSNum>10</TCSNum>
    <TCSPolicy>1</TCSPolicy>
    <!-- Recommend changing 'DisableDebug' to 1 to make the enclave undebuggable for enclave release -->
    <DisableDebug>0</DisableDebug>
    <MiscSelect>0</MiscSelect>
    <MiscMask>0xFFFFFFFF</MiscMask>
</EnclaveConfiguration>
Succeed.
SIGN =>  enclave.signed.so
The project has been built in debug simulation mode.
make[1]: Leaving directory '/home/sgx/M-AI-CryptographicProtocols/eclipse-workspace/SGX_SQLite/sgx/enclave_sqlite'
21:23:57 **** Incremental Build of configuration Intel(R) SGX Simulation Debug for project SGX_SQLite ****
make SGX_DEBUG=1 SGX_MODE=SIM -f sgx/Makefile 
make -C ./sgx/enclave_sqlite  -f sgx_t_u.mk all;
make[1]: Entering directory '/home/sgx/M-AI-CryptographicProtocols/eclipse-workspace/SGX_SQLite/sgx/enclave_sqlite'
g++ -m64 -O0 -g  -nostdinc -fvisibility=hidden -fpie -ffunction-sections -fdata-sections -fstack-protector-strong -IEnclave -I/opt/intel/sgxsdk/include -I/opt/intel/sgxsdk/include/tlibc -I/opt/intel/sgxsdk/include/libcxx -std=c++11 -nostdinc++ -c Enclave/Enclave.cpp -o Enclave/Enclave.o
CXX  <=  Enclave/Enclave.cpp
g++ Enclave/Enclave_t.o Enclave/Enclave.o Enclave/sqlite3.o Enclave/ocall_interface.o -o enclave.so -m64 -O0 -g  -Wl,--no-undefined -nostdlib -nodefaultlibs -nostartfiles -L/opt/intel/sgxsdk/lib64 -Wl,--whole-archive -lsgx_trts_sim -Wl,--no-whole-archive -Wl,--start-group -lsgx_tstdc -lsgx_tcxx -lsgx_tcrypto -lsgx_tservice_sim -Wl,--end-group -Wl,-Bstatic -Wl,-Bsymbolic -Wl,--no-undefined -Wl,-pie,-eenclave_entry -Wl,--export-dynamic -Wl,--defsym,__ImageBase=0 -Wl,--gc-sections -Wl,--version-script=Enclave/Enclave.lds
LINK =>  enclave.so
/opt/intel/sgxsdk/bin/x64/sgx_sign sign -key Enclave/Enclave_private.pem -enclave enclave.so -out enclave.signed.so -config Enclave/Enclave.config.xml
tcs_num 10, tcs_max_num 10, tcs_min_pool 1
The required memory is 5013504B.
The required memory is 0x4c8000, 4896 KB.
Succeed.
<EnclaveConfiguration>
    <ProdID>0</ProdID>
    <ISVSVN>0</ISVSVN>
    <StackMaxSize>0x40000</StackMaxSize>
    <HeapMaxSize>0x100000</HeapMaxSize>
    <TCSNum>10</TCSNum>
    <TCSPolicy>1</TCSPolicy>
    <!-- Recommend changing 'DisableDebug' to 1 to make the enclave undebuggable for enclave release -->
    <DisableDebug>0</DisableDebug>
    <MiscSelect>0</MiscSelect>
    <MiscMask>0xFFFFFFFF</MiscMask>
</EnclaveConfiguration>
SIGN =>  enclave.signed.so
The project has been built in debug simulation mode.
make[1]: Leaving directory '/home/sgx/M-AI-CryptographicProtocols/eclipse-workspace/SGX_SQLite/sgx/enclave_sqlite'
21:29:08 **** Incremental Build of configuration Intel(R) SGX Simulation Debug for project SGX_SQLite ****
make SGX_DEBUG=1 SGX_MODE=SIM -f sgx/Makefile 
make -C ./sgx/enclave_sqlite  -f sgx_t_u.mk all;
make[1]: Entering directory '/home/sgx/M-AI-CryptographicProtocols/eclipse-workspace/SGX_SQLite/sgx/enclave_sqlite'
g++ -m64 -O0 -g  -nostdinc -fvisibility=hidden -fpie -ffunction-sections -fdata-sections -fstack-protector-strong -IEnclave -I/opt/intel/sgxsdk/include -I/opt/intel/sgxsdk/include/tlibc -I/opt/intel/sgxsdk/include/libcxx -std=c++11 -nostdinc++ -c Enclave/Enclave.cpp -o Enclave/Enclave.o
Enclave/Enclave.cpp: In function ‘void ecall_encrypt()’:
Enclave/Enclave.cpp:45:30: error: invalid cast from type ‘std::__1::string {aka std::__1::basic_string<char, std::__1::char_traits<char>, std::__1::allocator<char> >}’ to type ‘char*’
  ocall_println_string((char*)s);
                              ^
make[1]: *** [Enclave/Enclave.o] Error 1
sgx_t_u.mk:214: recipe for target 'Enclave/Enclave.o' failed
make[1]: Leaving directory '/home/sgx/M-AI-CryptographicProtocols/eclipse-workspace/SGX_SQLite/sgx/enclave_sqlite'
make: *** [all] Error 2
sgx/Makefile:9: recipe for target 'all' failed
"make SGX_DEBUG=1 SGX_MODE=SIM -f sgx/Makefile" terminated with exit code 2. Build might be incomplete.
21:29:35 **** Incremental Build of configuration Intel(R) SGX Simulation Debug for project SGX_SQLite ****
make SGX_DEBUG=1 SGX_MODE=SIM -f sgx/Makefile 
make -C ./sgx/enclave_sqlite  -f sgx_t_u.mk all;
make[1]: Entering directory '/home/sgx/M-AI-CryptographicProtocols/eclipse-workspace/SGX_SQLite/sgx/enclave_sqlite'
g++ -m64 -O0 -g  -nostdinc -fvisibility=hidden -fpie -ffunction-sections -fdata-sections -fstack-protector-strong -IEnclave -I/opt/intel/sgxsdk/include -I/opt/intel/sgxsdk/include/tlibc -I/opt/intel/sgxsdk/include/libcxx -std=c++11 -nostdinc++ -c Enclave/Enclave.cpp -o Enclave/Enclave.o
CXX  <=  Enclave/Enclave.cpp
g++ Enclave/Enclave_t.o Enclave/Enclave.o Enclave/sqlite3.o Enclave/ocall_interface.o -o enclave.so -m64 -O0 -g  -Wl,--no-undefined -nostdlib -nodefaultlibs -nostartfiles -L/opt/intel/sgxsdk/lib64 -Wl,--whole-archive -lsgx_trts_sim -Wl,--no-whole-archive -Wl,--start-group -lsgx_tstdc -lsgx_tcxx -lsgx_tcrypto -lsgx_tservice_sim -Wl,--end-group -Wl,-Bstatic -Wl,-Bsymbolic -Wl,--no-undefined -Wl,-pie,-eenclave_entry -Wl,--export-dynamic -Wl,--defsym,__ImageBase=0 -Wl,--gc-sections -Wl,--version-script=Enclave/Enclave.lds
LINK =>  enclave.so
/opt/intel/sgxsdk/bin/x64/sgx_sign sign -key Enclave/Enclave_private.pem -enclave enclave.so -out enclave.signed.so -config Enclave/Enclave.config.xml
tcs_num 10, tcs_max_num 10, tcs_min_pool 1
The required memory is 5013504B.
The required memory is 0x4c8000, 4896 KB.
Succeed.
<EnclaveConfiguration>
    <ProdID>0</ProdID>
    <ISVSVN>0</ISVSVN>
    <StackMaxSize>0x40000</StackMaxSize>
    <HeapMaxSize>0x100000</HeapMaxSize>
    <TCSNum>10</TCSNum>
    <TCSPolicy>1</TCSPolicy>
    <!-- Recommend changing 'DisableDebug' to 1 to make the enclave undebuggable for enclave release -->
    <DisableDebug>0</DisableDebug>
    <MiscSelect>0</MiscSelect>
    <MiscMask>0xFFFFFFFF</MiscMask>
</EnclaveConfiguration>
SIGN =>  enclave.signed.so
The project has been built in debug simulation mode.
make[1]: Leaving directory '/home/sgx/M-AI-CryptographicProtocols/eclipse-workspace/SGX_SQLite/sgx/enclave_sqlite'
21:32:58 **** Incremental Build of configuration Intel(R) SGX Simulation Debug for project SGX_SQLite ****
make SGX_DEBUG=1 SGX_MODE=SIM -f sgx/Makefile 
make -C ./sgx/enclave_sqlite  -f sgx_t_u.mk all;
make[1]: Entering directory '/home/sgx/M-AI-CryptographicProtocols/eclipse-workspace/SGX_SQLite/sgx/enclave_sqlite'
g++ -m64 -O0 -g  -nostdinc -fvisibility=hidden -fpie -ffunction-sections -fdata-sections -fstack-protector-strong -IEnclave -I/opt/intel/sgxsdk/include -I/opt/intel/sgxsdk/include/tlibc -I/opt/intel/sgxsdk/include/libcxx -std=c++11 -nostdinc++ -c Enclave/Enclave.cpp -o Enclave/Enclave.o
Enclave/Enclave.cpp: In function ‘void ecall_encrypt()’:
Enclave/Enclave.cpp:36:29: error: invalid conversion from ‘long unsigned int’ to ‘uint8_t* {aka unsigned char*}’ [-fpermissive]
  uint8_t* decrypted = sizeof(uint8_t);
                             ^
make[1]: *** [Enclave/Enclave.o] Error 1
sgx_t_u.mk:214: recipe for target 'Enclave/Enclave.o' failed
make: *** [all] Error 2
make[1]: Leaving directory '/home/sgx/M-AI-CryptographicProtocols/eclipse-workspace/SGX_SQLite/sgx/enclave_sqlite'
sgx/Makefile:9: recipe for target 'all' failed
"make SGX_DEBUG=1 SGX_MODE=SIM -f sgx/Makefile" terminated with exit code 2. Build might be incomplete.
21:33:04 **** Incremental Build of configuration Intel(R) SGX Simulation Debug for project SGX_SQLite ****
make SGX_DEBUG=1 SGX_MODE=SIM -f sgx/Makefile 
make -C ./sgx/enclave_sqlite  -f sgx_t_u.mk all;
make[1]: Entering directory '/home/sgx/M-AI-CryptographicProtocols/eclipse-workspace/SGX_SQLite/sgx/enclave_sqlite'
g++ -m64 -O0 -g  -nostdinc -fvisibility=hidden -fpie -ffunction-sections -fdata-sections -fstack-protector-strong -IEnclave -I/opt/intel/sgxsdk/include -I/opt/intel/sgxsdk/include/tlibc -I/opt/intel/sgxsdk/include/libcxx -std=c++11 -nostdinc++ -c Enclave/Enclave.cpp -o Enclave/Enclave.o
Enclave/Enclave.cpp: In function ‘void ecall_encrypt()’:
Enclave/Enclave.cpp:36:29: error: invalid conversion from ‘long unsigned int’ to ‘uint8_t* {aka unsigned char*}’ [-fpermissive]
  uint8_t* decrypted = sizeof(uint8_t);
                             ^
sgx_t_u.mk:214: recipe for target 'Enclave/Enclave.o' failed
make[1]: Leaving directory '/home/sgx/M-AI-CryptographicProtocols/eclipse-workspace/SGX_SQLite/sgx/enclave_sqlite'
make[1]: *** [Enclave/Enclave.o] Error 1
make: *** [all] Error 2
sgx/Makefile:9: recipe for target 'all' failed
"make SGX_DEBUG=1 SGX_MODE=SIM -f sgx/Makefile" terminated with exit code 2. Build might be incomplete.
21:34:36 **** Incremental Build of configuration Intel(R) SGX Simulation Debug for project SGX_SQLite ****
make SGX_DEBUG=1 SGX_MODE=SIM -f sgx/Makefile 
make -C ./sgx/enclave_sqlite  -f sgx_t_u.mk all;
make[1]: Entering directory '/home/sgx/M-AI-CryptographicProtocols/eclipse-workspace/SGX_SQLite/sgx/enclave_sqlite'
g++ -m64 -O0 -g  -nostdinc -fvisibility=hidden -fpie -ffunction-sections -fdata-sections -fstack-protector-strong -IEnclave -I/opt/intel/sgxsdk/include -I/opt/intel/sgxsdk/include/tlibc -I/opt/intel/sgxsdk/include/libcxx -std=c++11 -nostdinc++ -c Enclave/Enclave.cpp -o Enclave/Enclave.o
CXX  <=  Enclave/Enclave.cpp
g++ Enclave/Enclave_t.o Enclave/Enclave.o Enclave/sqlite3.o Enclave/ocall_interface.o -o enclave.so -m64 -O0 -g  -Wl,--no-undefined -nostdlib -nodefaultlibs -nostartfiles -L/opt/intel/sgxsdk/lib64 -Wl,--whole-archive -lsgx_trts_sim -Wl,--no-whole-archive -Wl,--start-group -lsgx_tstdc -lsgx_tcxx -lsgx_tcrypto -lsgx_tservice_sim -Wl,--end-group -Wl,-Bstatic -Wl,-Bsymbolic -Wl,--no-undefined -Wl,-pie,-eenclave_entry -Wl,--export-dynamic -Wl,--defsym,__ImageBase=0 -Wl,--gc-sections -Wl,--version-script=Enclave/Enclave.lds
LINK =>  enclave.so
/opt/intel/sgxsdk/bin/x64/sgx_sign sign -key Enclave/Enclave_private.pem -enclave enclave.so -out enclave.signed.so -config Enclave/Enclave.config.xml
tcs_num 10, tcs_max_num 10, tcs_min_pool 1
The required memory is 5021696B.
The required memory is 0x4ca000, 4904 KB.
Succeed.
<EnclaveConfiguration>
    <ProdID>0</ProdID>
    <ISVSVN>0</ISVSVN>
    <StackMaxSize>0x40000</StackMaxSize>
    <HeapMaxSize>0x100000</HeapMaxSize>
    <TCSNum>10</TCSNum>
    <TCSPolicy>1</TCSPolicy>
    <!-- Recommend changing 'DisableDebug' to 1 to make the enclave undebuggable for enclave release -->
    <DisableDebug>0</DisableDebug>
    <MiscSelect>0</MiscSelect>
    <MiscMask>0xFFFFFFFF</MiscMask>
</EnclaveConfiguration>
SIGN =>  enclave.signed.so
The project has been built in debug simulation mode.
make[1]: Leaving directory '/home/sgx/M-AI-CryptographicProtocols/eclipse-workspace/SGX_SQLite/sgx/enclave_sqlite'
21:34:47 **** Incremental Build of configuration Intel(R) SGX Simulation Debug for project SGX_SQLite ****
make SGX_DEBUG=1 SGX_MODE=SIM -f sgx/Makefile 
make -C ./sgx/enclave_sqlite  -f sgx_t_u.mk all;
make[1]: Entering directory '/home/sgx/M-AI-CryptographicProtocols/eclipse-workspace/SGX_SQLite/sgx/enclave_sqlite'
g++ -m64 -O0 -g  -nostdinc -fvisibility=hidden -fpie -ffunction-sections -fdata-sections -fstack-protector-strong -IEnclave -I/opt/intel/sgxsdk/include -I/opt/intel/sgxsdk/include/tlibc -I/opt/intel/sgxsdk/include/libcxx -std=c++11 -nostdinc++ -c Enclave/Enclave.cpp -o Enclave/Enclave.o
CXX  <=  Enclave/Enclave.cpp
g++ Enclave/Enclave_t.o Enclave/Enclave.o Enclave/sqlite3.o Enclave/ocall_interface.o -o enclave.so -m64 -O0 -g  -Wl,--no-undefined -nostdlib -nodefaultlibs -nostartfiles -L/opt/intel/sgxsdk/lib64 -Wl,--whole-archive -lsgx_trts_sim -Wl,--no-whole-archive -Wl,--start-group -lsgx_tstdc -lsgx_tcxx -lsgx_tcrypto -lsgx_tservice_sim -Wl,--end-group -Wl,-Bstatic -Wl,-Bsymbolic -Wl,--no-undefined -Wl,-pie,-eenclave_entry -Wl,--export-dynamic -Wl,--defsym,__ImageBase=0 -Wl,--gc-sections -Wl,--version-script=Enclave/Enclave.lds
LINK =>  enclave.so
/opt/intel/sgxsdk/bin/x64/sgx_sign sign -key Enclave/Enclave_private.pem -enclave enclave.so -out enclave.signed.so -config Enclave/Enclave.config.xml
tcs_num 10, tcs_max_num 10, tcs_min_pool 1
The required memory is 5021696B.
The required memory is 0x4ca000, 4904 KB.
Succeed.
<EnclaveConfiguration>
    <ProdID>0</ProdID>
    <ISVSVN>0</ISVSVN>
    <StackMaxSize>0x40000</StackMaxSize>
    <HeapMaxSize>0x100000</HeapMaxSize>
    <TCSNum>10</TCSNum>
    <TCSPolicy>1</TCSPolicy>
    <!-- Recommend changing 'DisableDebug' to 1 to make the enclave undebuggable for enclave release -->
    <DisableDebug>0</DisableDebug>
    <MiscSelect>0</MiscSelect>
    <MiscMask>0xFFFFFFFF</MiscMask>
</EnclaveConfiguration>
SIGN =>  enclave.signed.so
The project has been built in debug simulation mode.
make[1]: Leaving directory '/home/sgx/M-AI-CryptographicProtocols/eclipse-workspace/SGX_SQLite/sgx/enclave_sqlite'
21:34:52 **** Incremental Build of configuration Intel(R) SGX Simulation Debug for project SGX_SQLite ****
make SGX_DEBUG=1 SGX_MODE=SIM -f sgx/Makefile 
make -C ./sgx/enclave_sqlite  -f sgx_t_u.mk all;
make[1]: Entering directory '/home/sgx/M-AI-CryptographicProtocols/eclipse-workspace/SGX_SQLite/sgx/enclave_sqlite'
The project has been built in debug simulation mode.
make[1]: Leaving directory '/home/sgx/M-AI-CryptographicProtocols/eclipse-workspace/SGX_SQLite/sgx/enclave_sqlite'
21:36:41 **** Incremental Build of configuration Intel(R) SGX Simulation Debug for project SGX_SQLite ****
make SGX_DEBUG=1 SGX_MODE=SIM -f sgx/Makefile 
make -C ./sgx/enclave_sqlite  -f sgx_t_u.mk all;
make[1]: Entering directory '/home/sgx/M-AI-CryptographicProtocols/eclipse-workspace/SGX_SQLite/sgx/enclave_sqlite'
g++ -m64 -O0 -g  -nostdinc -fvisibility=hidden -fpie -ffunction-sections -fdata-sections -fstack-protector-strong -IEnclave -I/opt/intel/sgxsdk/include -I/opt/intel/sgxsdk/include/tlibc -I/opt/intel/sgxsdk/include/libcxx -std=c++11 -nostdinc++ -c Enclave/Enclave.cpp -o Enclave/Enclave.o
Enclave/Enclave.cpp: In function ‘void ecall_encrypt()’:
Enclave/Enclave.cpp:50:3: error: ‘ocall_println’ was not declared in this scope
   ocall_println/
   ^~~~~~~~~~~~~
Enclave/Enclave.cpp:50:3: note: suggested alternative: ‘ocall_fcntl’
   ocall_println/
   ^~~~~~~~~~~~~
   ocall_fcntl
Enclave/Enclave.cpp:51:2: error: expected primary-expression before ‘}’ token
  }
  ^
sgx_t_u.mk:214: recipe for target 'Enclave/Enclave.o' failed
make[1]: Leaving directory '/home/sgx/M-AI-CryptographicProtocols/eclipse-workspace/SGX_SQLite/sgx/enclave_sqlite'
make[1]: *** [Enclave/Enclave.o] Error 1
sgx/Makefile:9: recipe for target 'all' failed
make: *** [all] Error 2
"make SGX_DEBUG=1 SGX_MODE=SIM -f sgx/Makefile" terminated with exit code 2. Build might be incomplete.
21:36:53 **** Incremental Build of configuration Intel(R) SGX Simulation Debug for project SGX_SQLite ****
make SGX_DEBUG=1 SGX_MODE=SIM -f sgx/Makefile 
make -C ./sgx/enclave_sqlite  -f sgx_t_u.mk all;
make[1]: Entering directory '/home/sgx/M-AI-CryptographicProtocols/eclipse-workspace/SGX_SQLite/sgx/enclave_sqlite'
g++ -m64 -O0 -g  -nostdinc -fvisibility=hidden -fpie -ffunction-sections -fdata-sections -fstack-protector-strong -IEnclave -I/opt/intel/sgxsdk/include -I/opt/intel/sgxsdk/include/tlibc -I/opt/intel/sgxsdk/include/libcxx -std=c++11 -nostdinc++ -c Enclave/Enclave.cpp -o Enclave/Enclave.o
CXX  <=  Enclave/Enclave.cpp
g++ Enclave/Enclave_t.o Enclave/Enclave.o Enclave/sqlite3.o Enclave/ocall_interface.o -o enclave.so -m64 -O0 -g  -Wl,--no-undefined -nostdlib -nodefaultlibs -nostartfiles -L/opt/intel/sgxsdk/lib64 -Wl,--whole-archive -lsgx_trts_sim -Wl,--no-whole-archive -Wl,--start-group -lsgx_tstdc -lsgx_tcxx -lsgx_tcrypto -lsgx_tservice_sim -Wl,--end-group -Wl,-Bstatic -Wl,-Bsymbolic -Wl,--no-undefined -Wl,-pie,-eenclave_entry -Wl,--export-dynamic -Wl,--defsym,__ImageBase=0 -Wl,--gc-sections -Wl,--version-script=Enclave/Enclave.lds
LINK =>  enclave.so
/opt/intel/sgxsdk/bin/x64/sgx_sign sign -key Enclave/Enclave_private.pem -enclave enclave.so -out enclave.signed.so -config Enclave/Enclave.config.xml
tcs_num 10, tcs_max_num 10, tcs_min_pool 1
The required memory is 5021696B.
The required memory is 0x4ca000, 4904 KB.
<EnclaveConfiguration>
    <ProdID>0</ProdID>
    <ISVSVN>0</ISVSVN>
    <StackMaxSize>0x40000</StackMaxSize>
    <HeapMaxSize>0x100000</HeapMaxSize>
    <TCSNum>10</TCSNum>
    <TCSPolicy>1</TCSPolicy>
    <!-- Recommend changing 'DisableDebug' to 1 to make the enclave undebuggable for enclave release -->
    <DisableDebug>0</DisableDebug>
    <MiscSelect>0</MiscSelect>
    <MiscMask>0xFFFFFFFF</MiscMask>
</EnclaveConfiguration>
Succeed.
SIGN =>  enclave.signed.so
The project has been built in debug simulation mode.
make[1]: Leaving directory '/home/sgx/M-AI-CryptographicProtocols/eclipse-workspace/SGX_SQLite/sgx/enclave_sqlite'
21:37:00 **** Incremental Build of configuration Intel(R) SGX Simulation Debug for project SGX_SQLite ****
make SGX_DEBUG=1 SGX_MODE=SIM -f sgx/Makefile 
make -C ./sgx/enclave_sqlite  -f sgx_t_u.mk all;
make[1]: Entering directory '/home/sgx/M-AI-CryptographicProtocols/eclipse-workspace/SGX_SQLite/sgx/enclave_sqlite'
The project has been built in debug simulation mode.
make[1]: Leaving directory '/home/sgx/M-AI-CryptographicProtocols/eclipse-workspace/SGX_SQLite/sgx/enclave_sqlite'
21:37:12 **** Incremental Build of configuration Intel(R) SGX Simulation Debug for project SGX_SQLite ****
make SGX_DEBUG=1 SGX_MODE=SIM -f sgx/Makefile 
make -C ./sgx/enclave_sqlite  -f sgx_t_u.mk all;
make[1]: Entering directory '/home/sgx/M-AI-CryptographicProtocols/eclipse-workspace/SGX_SQLite/sgx/enclave_sqlite'
The project has been built in debug simulation mode.
make[1]: Leaving directory '/home/sgx/M-AI-CryptographicProtocols/eclipse-workspace/SGX_SQLite/sgx/enclave_sqlite'
21:38:40 **** Incremental Build of configuration Intel(R) SGX Simulation Debug for project SGX_SQLite ****
make SGX_DEBUG=1 SGX_MODE=SIM -f sgx/Makefile 
make -C ./sgx/enclave_sqlite  -f sgx_t_u.mk all;
make[1]: Entering directory '/home/sgx/M-AI-CryptographicProtocols/eclipse-workspace/SGX_SQLite/sgx/enclave_sqlite'
g++ -m64 -O0 -g  -nostdinc -fvisibility=hidden -fpie -ffunction-sections -fdata-sections -fstack-protector-strong -IEnclave -I/opt/intel/sgxsdk/include -I/opt/intel/sgxsdk/include/tlibc -I/opt/intel/sgxsdk/include/libcxx -std=c++11 -nostdinc++ -c Enclave/Enclave.cpp -o Enclave/Enclave.o
CXX  <=  Enclave/Enclave.cpp
g++ Enclave/Enclave_t.o Enclave/Enclave.o Enclave/sqlite3.o Enclave/ocall_interface.o -o enclave.so -m64 -O0 -g  -Wl,--no-undefined -nostdlib -nodefaultlibs -nostartfiles -L/opt/intel/sgxsdk/lib64 -Wl,--whole-archive -lsgx_trts_sim -Wl,--no-whole-archive -Wl,--start-group -lsgx_tstdc -lsgx_tcxx -lsgx_tcrypto -lsgx_tservice_sim -Wl,--end-group -Wl,-Bstatic -Wl,-Bsymbolic -Wl,--no-undefined -Wl,-pie,-eenclave_entry -Wl,--export-dynamic -Wl,--defsym,__ImageBase=0 -Wl,--gc-sections -Wl,--version-script=Enclave/Enclave.lds
LINK =>  enclave.so
/opt/intel/sgxsdk/bin/x64/sgx_sign sign -key Enclave/Enclave_private.pem -enclave enclave.so -out enclave.signed.so -config Enclave/Enclave.config.xml
tcs_num 10, tcs_max_num 10, tcs_min_pool 1
The required memory is 5021696B.
The required memory is 0x4ca000, 4904 KB.
Succeed.
<EnclaveConfiguration>
    <ProdID>0</ProdID>
    <ISVSVN>0</ISVSVN>
    <StackMaxSize>0x40000</StackMaxSize>
    <HeapMaxSize>0x100000</HeapMaxSize>
    <TCSNum>10</TCSNum>
    <TCSPolicy>1</TCSPolicy>
    <!-- Recommend changing 'DisableDebug' to 1 to make the enclave undebuggable for enclave release -->
    <DisableDebug>0</DisableDebug>
    <MiscSelect>0</MiscSelect>
    <MiscMask>0xFFFFFFFF</MiscMask>
</EnclaveConfiguration>
SIGN =>  enclave.signed.so
The project has been built in debug simulation mode.
make[1]: Leaving directory '/home/sgx/M-AI-CryptographicProtocols/eclipse-workspace/SGX_SQLite/sgx/enclave_sqlite'
21:38:44 **** Incremental Build of configuration Intel(R) SGX Simulation Debug for project SGX_SQLite ****
make SGX_DEBUG=1 SGX_MODE=SIM -f sgx/Makefile 
make -C ./sgx/enclave_sqlite  -f sgx_t_u.mk all;
make[1]: Entering directory '/home/sgx/M-AI-CryptographicProtocols/eclipse-workspace/SGX_SQLite/sgx/enclave_sqlite'
The project has been built in debug simulation mode.
make[1]: Leaving directory '/home/sgx/M-AI-CryptographicProtocols/eclipse-workspace/SGX_SQLite/sgx/enclave_sqlite'
21:39:05 **** Incremental Build of configuration Intel(R) SGX Simulation Debug for project SGX_SQLite ****
make SGX_DEBUG=1 SGX_MODE=SIM -f sgx/Makefile 
make -C ./sgx/enclave_sqlite  -f sgx_t_u.mk all;
make[1]: Entering directory '/home/sgx/M-AI-CryptographicProtocols/eclipse-workspace/SGX_SQLite/sgx/enclave_sqlite'
g++ -m64 -O0 -g  -nostdinc -fvisibility=hidden -fpie -ffunction-sections -fdata-sections -fstack-protector-strong -IEnclave -I/opt/intel/sgxsdk/include -I/opt/intel/sgxsdk/include/tlibc -I/opt/intel/sgxsdk/include/libcxx -std=c++11 -nostdinc++ -c Enclave/Enclave.cpp -o Enclave/Enclave.o
Enclave/Enclave.cpp: In function ‘void ecall_encrypt()’:
Enclave/Enclave.cpp:45:65: error: expected primary-expression before ‘,’ token
  if (sizeof(plaintext) == sizeof(decrypted) && memcmp(plaintext*, decrypted*, sizeof(plaintext)) == 0){
                                                                 ^
Enclave/Enclave.cpp:45:77: error: expected primary-expression before ‘,’ token
  if (sizeof(plaintext) == sizeof(decrypted) && memcmp(plaintext*, decrypted*, sizeof(plaintext)) == 0){
                                                                             ^
make[1]: *** [Enclave/Enclave.o] Error 1
sgx_t_u.mk:214: recipe for target 'Enclave/Enclave.o' failed
make[1]: Leaving directory '/home/sgx/M-AI-CryptographicProtocols/eclipse-workspace/SGX_SQLite/sgx/enclave_sqlite'
make: *** [all] Error 2
sgx/Makefile:9: recipe for target 'all' failed
"make SGX_DEBUG=1 SGX_MODE=SIM -f sgx/Makefile" terminated with exit code 2. Build might be incomplete.
